<?xml version="1.0" encoding="UTF-8"?>
<testng-results skipped="0" failed="0" total="3" passed="3">
  <reporter-output>
  </reporter-output>
  <suite name="Automation_Test" duration-ms="35257" started-at="2023-06-21T02:55:52Z" finished-at="2023-06-21T02:56:27Z">
    <groups>
    </groups>
    <test name="EdgeBrowser_Test" duration-ms="35257" started-at="2023-06-21T02:55:52Z" finished-at="2023-06-21T02:56:27Z">
      <class name="com.demoqa.testscripts.TC003_VerifyCheckOutTest">
        <test-method status="PASS" signature="testStart()[pri:0, instance:com.demoqa.testscripts.TC003_VerifyCheckOutTest@42d3bd8b]" name="testStart" is-config="true" duration-ms="6637" started-at="2023-06-21T08:26:16Z" finished-at="2023-06-21T08:26:22Z">
          <reporter-output>
          </reporter-output>
        </test-method> <!-- testStart -->
        <test-method status="PASS" signature="verifyLoginTest()[pri:0, instance:com.demoqa.testscripts.TC003_VerifyCheckOutTest@42d3bd8b]" name="verifyLoginTest" duration-ms="3781" started-at="2023-06-21T08:26:22Z" finished-at="2023-06-21T08:26:26Z">
          <reporter-output>
          </reporter-output>
        </test-method> <!-- verifyLoginTest -->
        <test-method status="PASS" signature="testFinish()[pri:0, instance:com.demoqa.testscripts.TC003_VerifyCheckOutTest@42d3bd8b]" name="testFinish" is-config="true" duration-ms="1145" started-at="2023-06-21T08:26:26Z" finished-at="2023-06-21T08:26:27Z">
          <reporter-output>
          </reporter-output>
        </test-method> <!-- testFinish -->
      </class> <!-- com.demoqa.testscripts.TC003_VerifyCheckOutTest -->
      <class name="com.demoqa.testscripts.TC002_VerifyLogoutTest">
        <test-method status="PASS" signature="testStart()[pri:0, instance:com.demoqa.testscripts.TC002_VerifyLogoutTest@dfd3711]" name="testStart" is-config="true" duration-ms="6616" started-at="2023-06-21T08:26:04Z" finished-at="2023-06-21T08:26:11Z">
          <reporter-output>
          </reporter-output>
        </test-method> <!-- testStart -->
        <test-method status="PASS" signature="verifyLoginTest()[pri:0, instance:com.demoqa.testscripts.TC002_VerifyLogoutTest@dfd3711]" name="verifyLoginTest" duration-ms="4028" started-at="2023-06-21T08:26:11Z" finished-at="2023-06-21T08:26:15Z">
          <reporter-output>
          </reporter-output>
        </test-method> <!-- verifyLoginTest -->
        <test-method status="PASS" signature="testFinish()[pri:0, instance:com.demoqa.testscripts.TC002_VerifyLogoutTest@dfd3711]" name="testFinish" is-config="true" duration-ms="1155" started-at="2023-06-21T08:26:15Z" finished-at="2023-06-21T08:26:16Z">
          <reporter-output>
          </reporter-output>
        </test-method> <!-- testFinish -->
      </class> <!-- com.demoqa.testscripts.TC002_VerifyLogoutTest -->
      <class name="com.demoqa.testscripts.TC001_VerifyLoginOperation">
        <test-method status="PASS" signature="testStart()[pri:0, instance:com.demoqa.testscripts.TC001_VerifyLoginOperation@38082d64]" name="testStart" is-config="true" duration-ms="8567" started-at="2023-06-21T08:25:52Z" finished-at="2023-06-21T08:26:01Z">
          <reporter-output>
          </reporter-output>
        </test-method> <!-- testStart -->
        <test-method status="PASS" signature="verifyLoginTest()[pri:0, instance:com.demoqa.testscripts.TC001_VerifyLoginOperation@38082d64]" name="verifyLoginTest" duration-ms="1933" started-at="2023-06-21T08:26:01Z" finished-at="2023-06-21T08:26:03Z">
          <reporter-output>
          </reporter-output>
        </test-method> <!-- verifyLoginTest -->
        <test-method status="PASS" signature="testFinish()[pri:0, instance:com.demoqa.testscripts.TC001_VerifyLoginOperation@38082d64]" name="testFinish" is-config="true" duration-ms="1364" started-at="2023-06-21T08:26:03Z" finished-at="2023-06-21T08:26:04Z">
          <reporter-output>
          </reporter-output>
        </test-method> <!-- testFinish -->
      </class> <!-- com.demoqa.testscripts.TC001_VerifyLoginOperation -->
    </test> <!-- EdgeBrowser_Test -->
  </suite> <!-- Automation_Test -->
</testng-results>
