<?xml version="1.0" encoding="UTF-8"?>
<!-- Generated by org.testng.reporters.JUnitXMLReporter -->
<testsuite hostname="DESKTOP-04JA60Q" name="EdgeBrowser_Test" tests="3" failures="0" timestamp="21 Jun 2023 02:56:27 GMT" time="35.257" errors="0">
  <testcase name="verifyLoginTest" time="1.933" classname="com.demoqa.testscripts.TC001_VerifyLoginOperation"/>
  <testcase name="verifyLoginTest" time="4.028" classname="com.demoqa.testscripts.TC002_VerifyLogoutTest"/>
  <testcase name="verifyLoginTest" time="3.781" classname="com.demoqa.testscripts.TC003_VerifyCheckOutTest"/>
</testsuite> <!-- EdgeBrowser_Test -->
