<?xml version="1.0" encoding="UTF-8"?>
<!-- Generated by org.testng.reporters.JUnitXMLReporter -->
<testsuite hostname="DESKTOP-04JA60Q" name="EdgeBrowserTest" tests="3" failures="0" timestamp="21 Jun 2023 02:54:49 GMT" time="24.701" errors="0">
  <testcase name="verifyLoginTest" time="0.6" classname="com.demoqa.testscripts.TC001_VerifyLoginOperation"/>
  <testcase name="verifyLoginTest" time="1.533" classname="com.demoqa.testscripts.TC002_VerifyLogoutTest"/>
  <testcase name="verifyLoginTest" time="0.557" classname="com.demoqa.testscripts.TC003_VerifyCheckOutTest"/>
</testsuite> <!-- EdgeBrowserTest -->
